0 info it worked if it ends with ok
1 verbose cli [ '/Users/bhstahl/.nvm/versions/node/v6.9.5/bin/node',
1 verbose cli   '/Users/bhstahl/.nvm/versions/node/v6.9.5/bin/npm',
1 verbose cli   'rebuild',
1 verbose cli   'secp256k1',
1 verbose cli   'node-webcrypto-ossl' ]
2 info using npm@3.10.10
3 info using node@v6.9.5
4 info readInstalled object
5 verbose rebuild path, id [ '/Users/bhstahl/Development/busterlabs/partyshare/node_modules/secp256k1',
5 verbose rebuild   'secp256k1@3.2.5' ]
6 verbose rebuild path, id [ '/Users/bhstahl/Development/busterlabs/partyshare/node_modules/node-webcrypto-ossl',
6 verbose rebuild   'node-webcrypto-ossl@1.0.21' ]
7 silly rebuild set [ '/Users/bhstahl/Development/busterlabs/partyshare/node_modules/secp256k1',
7 silly rebuild set   '/Users/bhstahl/Development/busterlabs/partyshare/node_modules/node-webcrypto-ossl' ]
8 info build /Users/bhstahl/Development/busterlabs/partyshare/node_modules/secp256k1
9 info lifecycle secp256k1@3.2.5~preinstall: secp256k1@3.2.5
10 silly lifecycle secp256k1@3.2.5~preinstall: no script for preinstall, continuing
11 info linkStuff secp256k1@3.2.5
12 silly linkStuff secp256k1@3.2.5 has /Users/bhstahl/Development/busterlabs/partyshare/node_modules as its parent node_modules
13 verbose linkBins secp256k1@3.2.5
14 verbose linkMans secp256k1@3.2.5
15 verbose rebuildBundles secp256k1@3.2.5
16 verbose rebuildBundles [ '.bin' ]
17 info lifecycle secp256k1@3.2.5~install: secp256k1@3.2.5
18 verbose lifecycle secp256k1@3.2.5~install: unsafe-perm in lifecycle true
19 verbose lifecycle secp256k1@3.2.5~install: PATH: /Users/bhstahl/.nvm/versions/node/v6.9.5/lib/node_modules/npm/bin/node-gyp-bin:/Users/bhstahl/Development/busterlabs/partyshare/node_modules/secp256k1/node_modules/.bin:/Users/bhstahl/Development/busterlabs/partyshare/node_modules/.bin:/Users/bhstahl/Development/google-cloud-sdk/bin:/Users/bhstahl/.nvm/versions/node/v6.9.5/bin:/usr/local/bin:/usr/bin:/bin:/usr/sbin:/sbin:~/.bin:/usr/local/Cellar/node/7.7.3/bin
20 verbose lifecycle secp256k1@3.2.5~install: CWD: /Users/bhstahl/Development/busterlabs/partyshare/node_modules/secp256k1
21 silly lifecycle secp256k1@3.2.5~install: Args: [ '-c',
21 silly lifecycle   'prebuild-install || node-gyp rebuild || echo "Secp256k1 bindings compilation fail. Pure JS implementation will be used."' ]
22 silly lifecycle secp256k1@3.2.5~install: Returned: code: 0  signal: null
23 info lifecycle secp256k1@3.2.5~postinstall: secp256k1@3.2.5
24 silly lifecycle secp256k1@3.2.5~postinstall: no script for postinstall, continuing
25 info build /Users/bhstahl/Development/busterlabs/partyshare/node_modules/node-webcrypto-ossl
26 info lifecycle node-webcrypto-ossl@1.0.21~preinstall: node-webcrypto-ossl@1.0.21
27 silly lifecycle node-webcrypto-ossl@1.0.21~preinstall: no script for preinstall, continuing
28 info linkStuff node-webcrypto-ossl@1.0.21
29 silly linkStuff node-webcrypto-ossl@1.0.21 has /Users/bhstahl/Development/busterlabs/partyshare/node_modules as its parent node_modules
30 verbose linkBins node-webcrypto-ossl@1.0.21
31 verbose linkMans node-webcrypto-ossl@1.0.21
32 verbose rebuildBundles node-webcrypto-ossl@1.0.21
33 verbose rebuildBundles [ '.bin' ]
34 info lifecycle node-webcrypto-ossl@1.0.21~install: node-webcrypto-ossl@1.0.21
35 verbose lifecycle node-webcrypto-ossl@1.0.21~install: unsafe-perm in lifecycle true
36 verbose lifecycle node-webcrypto-ossl@1.0.21~install: PATH: /Users/bhstahl/.nvm/versions/node/v6.9.5/lib/node_modules/npm/bin/node-gyp-bin:/Users/bhstahl/Development/busterlabs/partyshare/node_modules/node-webcrypto-ossl/node_modules/.bin:/Users/bhstahl/Development/busterlabs/partyshare/node_modules/.bin:/Users/bhstahl/Development/google-cloud-sdk/bin:/Users/bhstahl/.nvm/versions/node/v6.9.5/bin:/usr/local/bin:/usr/bin:/bin:/usr/sbin:/sbin:~/.bin:/usr/local/Cellar/node/7.7.3/bin
37 verbose lifecycle node-webcrypto-ossl@1.0.21~install: CWD: /Users/bhstahl/Development/busterlabs/partyshare/node_modules/node-webcrypto-ossl
38 silly lifecycle node-webcrypto-ossl@1.0.21~install: Args: [ '-c', 'node-gyp rebuild' ]
39 silly lifecycle node-webcrypto-ossl@1.0.21~install: Returned: code: 1  signal: null
40 info lifecycle node-webcrypto-ossl@1.0.21~install: Failed to exec install script
41 verbose stack Error: node-webcrypto-ossl@1.0.21 install: `node-gyp rebuild`
41 verbose stack Exit status 1
41 verbose stack     at EventEmitter.<anonymous> (/Users/bhstahl/.nvm/versions/node/v6.9.5/lib/node_modules/npm/lib/utils/lifecycle.js:255:16)
41 verbose stack     at emitTwo (events.js:106:13)
41 verbose stack     at EventEmitter.emit (events.js:191:7)
41 verbose stack     at ChildProcess.<anonymous> (/Users/bhstahl/.nvm/versions/node/v6.9.5/lib/node_modules/npm/lib/utils/spawn.js:40:14)
41 verbose stack     at emitTwo (events.js:106:13)
41 verbose stack     at ChildProcess.emit (events.js:191:7)
41 verbose stack     at maybeClose (internal/child_process.js:877:16)
41 verbose stack     at Process.ChildProcess._handle.onexit (internal/child_process.js:226:5)
42 verbose pkgid node-webcrypto-ossl@1.0.21
43 verbose cwd /Users/bhstahl/Development/busterlabs/partyshare
44 error Darwin 16.5.0
45 error argv "/Users/bhstahl/.nvm/versions/node/v6.9.5/bin/node" "/Users/bhstahl/.nvm/versions/node/v6.9.5/bin/npm" "rebuild" "secp256k1" "node-webcrypto-ossl"
46 error node v6.9.5
47 error npm  v3.10.10
48 error code ELIFECYCLE
49 error node-webcrypto-ossl@1.0.21 install: `node-gyp rebuild`
49 error Exit status 1
50 error Failed at the node-webcrypto-ossl@1.0.21 install script 'node-gyp rebuild'.
50 error Make sure you have the latest version of node.js and npm installed.
50 error If you do, this is most likely a problem with the node-webcrypto-ossl package,
50 error not with npm itself.
50 error Tell the author that this fails on your system:
50 error     node-gyp rebuild
50 error You can get information on how to open an issue for this project with:
50 error     npm bugs node-webcrypto-ossl
50 error Or if that isn't available, you can get their info via:
50 error     npm owner ls node-webcrypto-ossl
50 error There is likely additional logging output above.
51 verbose exit [ 1, true ]
